[debug] [2024-11-29T09:41:54.906Z] ----------------------------------------------------------------------
[debug] [2024-11-29T09:41:54.910Z] Command:       C:\Program Files\nodejs\node.exe C:\Users\황우상\AppData\Roaming\npm\node_modules\firebase-tools\lib\bin\firebase.js deploy
[debug] [2024-11-29T09:41:54.911Z] CLI Version:   13.15.2
[debug] [2024-11-29T09:41:54.911Z] Platform:      win32
[debug] [2024-11-29T09:41:54.911Z] Node Version:  v20.11.1
[debug] [2024-11-29T09:41:54.911Z] Time:          Fri Nov 29 2024 16:41:54 GMT+0700 (Indochina Time)
[debug] [2024-11-29T09:41:54.912Z] ----------------------------------------------------------------------
[debug] 
[debug] [2024-11-29T09:41:55.062Z] > command requires scopes: ["email","openid","https://www.googleapis.com/auth/cloudplatformprojects.readonly","https://www.googleapis.com/auth/firebase","https://www.googleapis.com/auth/cloud-platform"]
[debug] [2024-11-29T09:41:55.063Z] > authorizing via signed-in user (contact.webixx@gmail.com)
[debug] [2024-11-29T09:41:55.063Z] [iam] checking project auth-webixx for permissions ["firebase.projects.get","firebasehosting.sites.update"]
[debug] [2024-11-29T09:41:55.065Z] >>> [apiv2][query] POST https://cloudresourcemanager.googleapis.com/v1/projects/auth-webixx:testIamPermissions [none]
[debug] [2024-11-29T09:41:55.065Z] >>> [apiv2][(partial)header] POST https://cloudresourcemanager.googleapis.com/v1/projects/auth-webixx:testIamPermissions x-goog-quota-user=projects/auth-webixx
[debug] [2024-11-29T09:41:55.066Z] >>> [apiv2][body] POST https://cloudresourcemanager.googleapis.com/v1/projects/auth-webixx:testIamPermissions {"permissions":["firebase.projects.get","firebasehosting.sites.update"]}
[debug] [2024-11-29T09:41:56.192Z] <<< [apiv2][status] POST https://cloudresourcemanager.googleapis.com/v1/projects/auth-webixx:testIamPermissions 200
[debug] [2024-11-29T09:41:56.193Z] <<< [apiv2][body] POST https://cloudresourcemanager.googleapis.com/v1/projects/auth-webixx:testIamPermissions {"permissions":["firebase.projects.get","firebasehosting.sites.update"]}
[debug] [2024-11-29T09:41:56.194Z] >>> [apiv2][query] GET https://firebase.googleapis.com/v1beta1/projects/auth-webixx [none]
[debug] [2024-11-29T09:41:56.628Z] <<< [apiv2][status] GET https://firebase.googleapis.com/v1beta1/projects/auth-webixx 200
[debug] [2024-11-29T09:41:56.628Z] <<< [apiv2][body] GET https://firebase.googleapis.com/v1beta1/projects/auth-webixx {"projectId":"auth-webixx","projectNumber":"486224866301","displayName":"auth-webixx","name":"projects/auth-webixx","resources":{"hostingSite":"auth-webixx"},"state":"ACTIVE","etag":"1_56709cd5-d59a-403c-8ebd-9294e331d80e"}
[info] 
[info] === Deploying to 'auth-webixx'...
[info] 
[info] i  deploying hosting 
[debug] [2024-11-29T09:41:56.634Z] >>> [apiv2][query] POST https://firebasehosting.googleapis.com/v1beta1/projects/-/sites/auth-webixx/versions [none]
[debug] [2024-11-29T09:41:56.634Z] >>> [apiv2][body] POST https://firebasehosting.googleapis.com/v1beta1/projects/-/sites/auth-webixx/versions {"status":"CREATED","labels":{"deployment-tool":"cli-firebase"}}
[debug] [2024-11-29T09:41:57.525Z] <<< [apiv2][status] POST https://firebasehosting.googleapis.com/v1beta1/projects/-/sites/auth-webixx/versions 200
